<?xml version="1.0" encoding="UTF-8"?>
<!-- Generated by org.testng.reporters.JUnitXMLReporter -->
<testsuite ignored="347" hostname="MAC-AZR-228" failures="1" tests="3" name="ChromeTest" time="243.546" errors="0" timestamp="10 Mar 2023 11:20:53 GMT">
  <testcase classname="com.testCases.CrossBrowserTesting" name="urlLaunch" time="17.839"/>
  <testcase classname="com.testCases.CrossBrowserTesting" name="createUsersValidation" time="208.696"/>
  <testcase classname="com.testCases.CrossBrowserTesting" name="UnitAndRoleAllocation" time="4.571">
    <failure type="org.openqa.selenium.NoSuchElementException" message="no such element: Unable to locate element: {&amp;quot;method&amp;quot;:&amp;quot;xpath&amp;quot;,&amp;quot;selector&amp;quot;:&amp;quot;//img[contains(@src,&amp;apos;portal.svg&amp;apos;)]&amp;quot;}
  (Session info: chrome=110.0.5481.178)
For documentation on this error, please visit: https://www.seleniumhq.org/exceptions/no_such_element.html
Build info: version: &amp;apos;3.141.59&amp;apos;, revision: &amp;apos;e82be7d358&amp;apos;, time: &amp;apos;2018-11-14T08:17:03&amp;apos;
System info: host: &amp;apos;MAC-AZR-228&amp;apos;, ip: &amp;apos;10.212.134.206&amp;apos;, os.name: &amp;apos;Windows 10&amp;apos;, os.arch: &amp;apos;amd64&amp;apos;, os.version: &amp;apos;10.0&amp;apos;, java.version: &amp;apos;17.0.5&amp;apos;
Driver info: org.openqa.selenium.chrome.ChromeDriver
Capabilities {acceptInsecureCerts: false, browserName: chrome, browserVersion: 110.0.5481.178, chrome: {chromedriverVersion: 110.0.5481.77 (65ed616c6e8e..., userDataDir: C:\Users\SHEHAN~1\AppData\L...}, goog:chromeOptions: {debuggerAddress: localhost:65143}, javascriptEnabled: true, networkConnectionEnabled: false, pageLoadStrategy: normal, platform: WINDOWS, platformName: WINDOWS, proxy: Proxy(), setWindowRect: true, strictFileInteractability: false, timeouts: {implicit: 0, pageLoad: 300000, script: 30000}, unhandledPromptBehavior: dismiss and notify, webauthn:extension:credBlob: true, webauthn:extension:largeBlob: true, webauthn:virtualAuthenticators: true}
Session ID: 6680afc4c1a636fb7afa7d8459e1db6d
*** Element info: {Using=xpath, value=//img[contains(@src,&amp;apos;portal.svg&amp;apos;)]}">
      <![CDATA[org.openqa.selenium.NoSuchElementException: no such element: Unable to locate element: {"method":"xpath","selector":"//img[contains(@src,'portal.svg')]"}
  (Session info: chrome=110.0.5481.178)
For documentation on this error, please visit: https://www.seleniumhq.org/exceptions/no_such_element.html
Build info: version: '3.141.59', revision: 'e82be7d358', time: '2018-11-14T08:17:03'
System info: host: 'MAC-AZR-228', ip: '10.212.134.206', os.name: 'Windows 10', os.arch: 'amd64', os.version: '10.0', java.version: '17.0.5'
Driver info: org.openqa.selenium.chrome.ChromeDriver
Capabilities {acceptInsecureCerts: false, browserName: chrome, browserVersion: 110.0.5481.178, chrome: {chromedriverVersion: 110.0.5481.77 (65ed616c6e8e..., userDataDir: C:\Users\SHEHAN~1\AppData\L...}, goog:chromeOptions: {debuggerAddress: localhost:65143}, javascriptEnabled: true, networkConnectionEnabled: false, pageLoadStrategy: normal, platform: WINDOWS, platformName: WINDOWS, proxy: Proxy(), setWindowRect: true, strictFileInteractability: false, timeouts: {implicit: 0, pageLoad: 300000, script: 30000}, unhandledPromptBehavior: dismiss and notify, webauthn:extension:credBlob: true, webauthn:extension:largeBlob: true, webauthn:virtualAuthenticators: true}
Session ID: 6680afc4c1a636fb7afa7d8459e1db6d
*** Element info: {Using=xpath, value=//img[contains(@src,'portal.svg')]}
at org.openqa.selenium.remote.http.W3CHttpResponseCodec.createException(W3CHttpResponseCodec.java:187)
at org.openqa.selenium.remote.http.W3CHttpResponseCodec.decode(W3CHttpResponseCodec.java:122)
at org.openqa.selenium.remote.http.W3CHttpResponseCodec.decode(W3CHttpResponseCodec.java:49)
at org.openqa.selenium.remote.HttpCommandExecutor.execute(HttpCommandExecutor.java:158)
at org.openqa.selenium.remote.service.DriverCommandExecutor.execute(DriverCommandExecutor.java:83)
at org.openqa.selenium.remote.RemoteWebDriver.execute(RemoteWebDriver.java:552)
at org.openqa.selenium.remote.RemoteWebDriver.findElement(RemoteWebDriver.java:323)
at org.openqa.selenium.remote.RemoteWebDriver.findElementByXPath(RemoteWebDriver.java:428)
at org.openqa.selenium.By$ByXPath.findElement(By.java:353)
at org.openqa.selenium.remote.RemoteWebDriver.findElement(RemoteWebDriver.java:315)
at com.baseClass.BaseClass_Logibec.clickingMainMenu(BaseClass_Logibec.java:365)
at com.baseClass.BaseClass_Logibec.navigateToManagementMenu(BaseClass_Logibec.java:765)
at com.testCases.CrossBrowserTesting.navigateToUsers(CrossBrowserTesting.java:392)
at com.testCases.CrossBrowserTesting.UnitAndRoleAllocation(CrossBrowserTesting.java:665)
... Removed 30 stack frames]]>
    </failure>
  </testcase> <!-- UnitAndRoleAllocation -->
  <testcase classname="com.testCases.CrossBrowserTesting" name="createingNewRecordOxygenadministrationflow" time="0.0">
    <ignored/>
  </testcase> <!-- createingNewRecordOxygenadministrationflow -->
  <testcase classname="com.testCases.CrossBrowserTesting" name="navigateToExam" time="0.0">
    <ignored/>
  </testcase> <!-- navigateToExam -->
  <testcase classname="com.testCases.CrossBrowserTesting" name="createingNewRecordInformationsources" time="0.0">
    <ignored/>
  </testcase> <!-- createingNewRecordInformationsources -->
  <testcase classname="com.testCases.CrossBrowserTesting" name="createingNewRecordTransferPatientlist" time="0.0">
    <ignored/>
  </testcase> <!-- createingNewRecordTransferPatientlist -->
  <testcase classname="com.testCases.CrossBrowserTesting" name="ConsultationCancelReason_Validation" time="0.0">
    <ignored/>
  </testcase> <!-- ConsultationCancelReason_Validation -->
  <testcase classname="com.testCases.CrossBrowserTesting" name="CMDValidation" time="0.0">
    <ignored/>
  </testcase> <!-- CMDValidation -->
  <testcase classname="com.testCases.CrossBrowserTesting" name="StretcherBedInBoard_FilteringAndDeletion" time="0.0">
    <ignored/>
  </testcase> <!-- StretcherBedInBoard_FilteringAndDeletion -->
  <testcase classname="com.testCases.CrossBrowserTesting" name="navigateToAbsencereasonsColors" time="0.0">
    <ignored/>
  </testcase> <!-- navigateToAbsencereasonsColors -->
  <testcase classname="com.testCases.CrossBrowserTesting" name="createingNewRecordTransferEscort" time="0.0">
    <ignored/>
  </testcase> <!-- createingNewRecordTransferEscort -->
  <testcase classname="com.testCases.CrossBrowserTesting" name="navigateToLifecontext" time="0.0">
    <ignored/>
  </testcase> <!-- navigateToLifecontext -->
  <testcase classname="com.testCases.CrossBrowserTesting" name="navigateToFormPrintManagerScreen" time="0.0">
    <ignored/>
  </testcase> <!-- navigateToFormPrintManagerScreen -->
  <testcase classname="com.testCases.CrossBrowserTesting" name="duplicateErrorValiadtionDiet" time="0.0">
    <ignored/>
  </testcase> <!-- duplicateErrorValiadtionDiet -->
  <testcase classname="com.testCases.CrossBrowserTesting" name="negativeDefaultErrorValiadtionInformationsources" time="0.0">
    <ignored/>
  </testcase> <!-- negativeDefaultErrorValiadtionInformationsources -->
  <testcase classname="com.testCases.CrossBrowserTesting" name="filterRecords_Accident" time="0.0">
    <ignored/>
  </testcase> <!-- filterRecords_Accident -->
  <testcase classname="com.testCases.CrossBrowserTesting" name="navigateToDischargePlanningstatus" time="0.0">
    <ignored/>
  </testcase> <!-- navigateToDischargePlanningstatus -->
  <testcase classname="com.testCases.CrossBrowserTesting" name="navigateToTriageComplaintsConfigurationAdult" time="0.0">
    <ignored/>
  </testcase> <!-- navigateToTriageComplaintsConfigurationAdult -->
  <testcase classname="com.testCases.CrossBrowserTesting" name="TriageStation_filterAndDeletion" time="0.0">
    <ignored/>
  </testcase> <!-- TriageStation_filterAndDeletion -->
  <testcase classname="com.testCases.CrossBrowserTesting" name="duplicateErrorValiadtionDischargePlanningstatus" time="0.0">
    <ignored/>
  </testcase> <!-- duplicateErrorValiadtionDischargePlanningstatus -->
  <testcase classname="com.testCases.CrossBrowserTesting" name="triageProtocols_Validation" time="0.0">
    <ignored/>
  </testcase> <!-- triageProtocols_Validation -->
  <testcase classname="com.testCases.CrossBrowserTesting" name="navigateToPAB" time="0.0">
    <ignored/>
  </testcase> <!-- navigateToPAB -->
  <testcase classname="com.testCases.CrossBrowserTesting" name="medicalNoteWordFormValidation" time="0.0">
    <ignored/>
  </testcase> <!-- medicalNoteWordFormValidation -->
  <testcase classname="com.testCases.CrossBrowserTesting" name="Schedule_Validation" time="0.0">
    <ignored/>
  </testcase> <!-- Schedule_Validation -->
  <testcase classname="com.testCases.CrossBrowserTesting" name="accidentGroupsValidation" time="0.0">
    <ignored/>
  </testcase> <!-- accidentGroupsValidation -->
  <testcase classname="com.testCases.CrossBrowserTesting" name="createingNewRecordDischargePlanningstatus" time="0.0">
    <ignored/>
  </testcase> <!-- createingNewRecordDischargePlanningstatus -->
  <testcase classname="com.testCases.CrossBrowserTesting" name="InstitutionValidation" time="0.0">
    <ignored/>
  </testcase> <!-- InstitutionValidation -->
  <testcase classname="com.testCases.CrossBrowserTesting" name="createingNewRecordConsultant" time="0.0">
    <ignored/>
  </testcase> <!-- createingNewRecordConsultant -->
  <testcase classname="com.testCases.CrossBrowserTesting" name="StationAlarmManagement_filterAndDeletion" time="0.0">
    <ignored/>
  </testcase> <!-- StationAlarmManagement_filterAndDeletion -->
  <testcase classname="com.testCases.CrossBrowserTesting" name="createingNewRecordUrineDipstick" time="0.0">
    <ignored/>
  </testcase> <!-- createingNewRecordUrineDipstick -->
  <testcase classname="com.testCases.CrossBrowserTesting" name="codeColumnsValidationDiet" time="0.0">
    <ignored/>
  </testcase> <!-- codeColumnsValidationDiet -->
  <testcase classname="com.testCases.CrossBrowserTesting" name="functionalityValidationOfCategory" time="0.0">
    <ignored/>
  </testcase> <!-- functionalityValidationOfCategory -->
  <testcase classname="com.testCases.CrossBrowserTesting" name="navigateToAH280" time="0.0">
    <ignored/>
  </testcase> <!-- navigateToAH280 -->
  <testcase classname="com.testCases.CrossBrowserTesting" name="serviceCliniqueAndConsultationWindow_Verification" time="0.0">
    <ignored/>
  </testcase> <!-- serviceCliniqueAndConsultationWindow_Verification -->
  <testcase classname="com.testCases.CrossBrowserTesting" name="sortingAndDeletingDischargePlanningstatus" time="0.0">
    <ignored/>
  </testcase> <!-- sortingAndDeletingDischargePlanningstatus -->
  <testcase classname="com.testCases.CrossBrowserTesting" name="filterRecords_Frequency" time="0.0">
    <ignored/>
  </testcase> <!-- filterRecords_Frequency -->
  <testcase classname="com.testCases.CrossBrowserTesting" name="duplicateErrorValiadtionConsultationplanning" time="0.0">
    <ignored/>
  </testcase> <!-- duplicateErrorValiadtionConsultationplanning -->
  <testcase classname="com.testCases.CrossBrowserTesting" name="createingNewRecordVentilators" time="0.0">
    <ignored/>
  </testcase> <!-- createingNewRecordVentilators -->
  <testcase classname="com.testCases.CrossBrowserTesting" name="triageProtocols_filterAndDeletion" time="0.0">
    <ignored/>
  </testcase> <!-- triageProtocols_filterAndDeletion -->
  <testcase classname="com.testCases.CrossBrowserTesting" name="codeColumnsValidationTransferTransportation" time="0.0">
    <ignored/>
  </testcase> <!-- codeColumnsValidationTransferTransportation -->
  <testcase classname="com.testCases.CrossBrowserTesting" name="verifyingTheIngredient" time="0.0">
    <ignored/>
  </testcase> <!-- verifyingTheIngredient -->
  <testcase classname="com.testCases.CrossBrowserTesting" name="sortingAndDeletingAbsencereasons" time="0.0">
    <ignored/>
  </testcase> <!-- sortingAndDeletingAbsencereasons -->
  <testcase classname="com.testCases.CrossBrowserTesting" name="sortingAndDeletingLifecontext" time="0.0">
    <ignored/>
  </testcase> <!-- sortingAndDeletingLifecontext -->
  <testcase classname="com.testCases.CrossBrowserTesting" name="listOfProtocols_Validation" time="0.0">
    <ignored/>
  </testcase> <!-- listOfProtocols_Validation -->
  <testcase classname="com.testCases.CrossBrowserTesting" name="navigateToAbsenceReasonsScreeninTools" time="0.0">
    <ignored/>
  </testcase> <!-- navigateToAbsenceReasonsScreeninTools -->
  <testcase classname="com.testCases.CrossBrowserTesting" name="duplicateErrorValiadtionSensitivitytoAllergens" time="0.0">
    <ignored/>
  </testcase> <!-- duplicateErrorValiadtionSensitivitytoAllergens -->
  <testcase classname="com.testCases.CrossBrowserTesting" name="sortingAndDeletingHospitalizationReasonforcancellation" time="0.0">
    <ignored/>
  </testcase> <!-- sortingAndDeletingHospitalizationReasonforcancellation -->
  <testcase classname="com.testCases.CrossBrowserTesting" name="navigateToAbsencereasons" time="0.0">
    <ignored/>
  </testcase> <!-- navigateToAbsencereasons -->
  <testcase classname="com.testCases.CrossBrowserTesting" name="navigateToTransferTransportation" time="0.0">
    <ignored/>
  </testcase> <!-- navigateToTransferTransportation -->
  <testcase classname="com.testCases.CrossBrowserTesting" name="sortingAndDeletingAbsencereasonsColors" time="0.0">
    <ignored/>
  </testcase> <!-- sortingAndDeletingAbsencereasonsColors -->
  <testcase classname="com.testCases.CrossBrowserTesting" name="codeColumnsValidationBloodpressureQualitative" time="0.0">
    <ignored/>
  </testcase> <!-- codeColumnsValidationBloodpressureQualitative -->
  <testcase classname="com.testCases.CrossBrowserTesting" name="duplicateErrorValiadtionReturnhomeReferredServices" time="0.0">
    <ignored/>
  </testcase> <!-- duplicateErrorValiadtionReturnhomeReferredServices -->
  <testcase classname="com.testCases.CrossBrowserTesting" name="verifyingTheFilterSpecialActivitiesConfiguration" time="0.0">
    <ignored/>
  </testcase> <!-- verifyingTheFilterSpecialActivitiesConfiguration -->
  <testcase classname="com.testCases.CrossBrowserTesting" name="VerifyingTheErrorsSpecialActivitiesConfiguration" time="0.0">
    <ignored/>
  </testcase> <!-- VerifyingTheErrorsSpecialActivitiesConfiguration -->
  <testcase classname="com.testCases.CrossBrowserTesting" name="duplicateErrorValiadtionLWBSReasons" time="0.0">
    <ignored/>
  </testcase> <!-- duplicateErrorValiadtionLWBSReasons -->
  <testcase classname="com.testCases.CrossBrowserTesting" name="createingNewRecordNeurologicalSigns" time="0.0">
    <ignored/>
  </testcase> <!-- createingNewRecordNeurologicalSigns -->
  <testcase classname="com.testCases.CrossBrowserTesting" name="createingNewCategory" time="0.0">
    <ignored/>
  </testcase> <!-- createingNewCategory -->
  <testcase classname="com.testCases.CrossBrowserTesting" name="listOfQuickPrescriptionRX_Validation" time="0.0">
    <ignored/>
  </testcase> <!-- listOfQuickPrescriptionRX_Validation -->
  <testcase classname="com.testCases.CrossBrowserTesting" name="codeColumnsValidationReturnhomeTypesofdischarge" time="0.0">
    <ignored/>
  </testcase> <!-- codeColumnsValidationReturnhomeTypesofdischarge -->
  <testcase classname="com.testCases.CrossBrowserTesting" name="naviagteToAllergensCategory" time="0.0">
    <ignored/>
  </testcase> <!-- naviagteToAllergensCategory -->
  <testcase classname="com.testCases.CrossBrowserTesting" name="createingNewRecordSummaryofCare" time="0.0">
    <ignored/>
  </testcase> <!-- createingNewRecordSummaryofCare -->
  <testcase classname="com.testCases.CrossBrowserTesting" name="createingNewRecordConsultationplanning" time="0.0">
    <ignored/>
  </testcase> <!-- createingNewRecordConsultationplanning -->
  <testcase classname="com.testCases.CrossBrowserTesting" name="navigateToInstitutionmissions" time="0.0">
    <ignored/>
  </testcase> <!-- navigateToInstitutionmissions -->
  <testcase classname="com.testCases.CrossBrowserTesting" name="createingNewRecordReturnhomeReferredServices" time="0.0">
    <ignored/>
  </testcase> <!-- createingNewRecordReturnhomeReferredServices -->
  <testcase classname="com.testCases.CrossBrowserTesting" name="duplicateErrorValiadtionReturnVisitReasons" time="0.0">
    <ignored/>
  </testcase> <!-- duplicateErrorValiadtionReturnVisitReasons -->
  <testcase classname="com.testCases.CrossBrowserTesting" name="StretcherBedInBoard_Creation" time="0.0">
    <ignored/>
  </testcase> <!-- StretcherBedInBoard_Creation -->
  <testcase classname="com.testCases.CrossBrowserTesting" name="listOfQuickPrescriptionOtherItems_Validation" time="0.0">
    <ignored/>
  </testcase> <!-- listOfQuickPrescriptionOtherItems_Validation -->
  <testcase classname="com.testCases.CrossBrowserTesting" name="sortingAndDeletingRespiratoryrateQualitative" time="0.0">
    <ignored/>
  </testcase> <!-- sortingAndDeletingRespiratoryrateQualitative -->
  <testcase classname="com.testCases.CrossBrowserTesting" name="navigateToIntakeOutput" time="0.0">
    <ignored/>
  </testcase> <!-- navigateToIntakeOutput -->
  <testcase classname="com.testCases.CrossBrowserTesting" name="navigateToInternalOrderForced" time="0.0">
    <ignored/>
  </testcase> <!-- navigateToInternalOrderForced -->
  <testcase classname="com.testCases.CrossBrowserTesting" name="listOfProtocols_ProtocolsInclus" time="0.0">
    <ignored/>
  </testcase> <!-- listOfProtocols_ProtocolsInclus -->
  <testcase classname="com.testCases.CrossBrowserTesting" name="duplicateErrorValiadtionInstitutionmissions" time="0.0">
    <ignored/>
  </testcase> <!-- duplicateErrorValiadtionInstitutionmissions -->
  <testcase classname="com.testCases.CrossBrowserTesting" name="checkingCodecolumn" time="0.0">
    <ignored/>
  </testcase> <!-- checkingCodecolumn -->
  <testcase classname="com.testCases.CrossBrowserTesting" name="navigateToReorientedDepartureReasonforRefusal" time="0.0">
    <ignored/>
  </testcase> <!-- navigateToReorientedDepartureReasonforRefusal -->
  <testcase classname="com.testCases.CrossBrowserTesting" name="stretcherBedValidation" time="0.0">
    <ignored/>
  </testcase> <!-- stretcherBedValidation -->
  <testcase classname="com.testCases.CrossBrowserTesting" name="navigateToComparative" time="0.0">
    <ignored/>
  </testcase> <!-- navigateToComparative -->
  <testcase classname="com.testCases.CrossBrowserTesting" name="duplicateErrorValiadtionOxygenadministrationmethod" time="0.0">
    <ignored/>
  </testcase> <!-- duplicateErrorValiadtionOxygenadministrationmethod -->
  <testcase classname="com.testCases.CrossBrowserTesting" name="navigateToUrineDipstick" time="0.0">
    <ignored/>
  </testcase> <!-- navigateToUrineDipstick -->
  <testcase classname="com.testCases.CrossBrowserTesting" name="navigateToGasResultsCorrespondence" time="0.0">
    <ignored/>
  </testcase> <!-- navigateToGasResultsCorrespondence -->
  <testcase classname="com.testCases.CrossBrowserTesting" name="createingNewRecordInternalOrderForced" time="0.0">
    <ignored/>
  </testcase> <!-- createingNewRecordInternalOrderForced -->
  <testcase classname="com.testCases.CrossBrowserTesting" name="navigateToOxygenadministrationmethod" time="0.0">
    <ignored/>
  </testcase> <!-- navigateToOxygenadministrationmethod -->
  <testcase classname="com.testCases.CrossBrowserTesting" name="Unit_filterRecords_Verification" time="0.0">
    <ignored/>
  </testcase> <!-- Unit_filterRecords_Verification -->
  <testcase classname="com.testCases.CrossBrowserTesting" name="navigateToDosagegroupsScreen" time="0.0">
    <ignored/>
  </testcase> <!-- navigateToDosagegroupsScreen -->
  <testcase classname="com.testCases.CrossBrowserTesting" name="createingNewRecordAbsencereasons" time="0.0">
    <ignored/>
  </testcase> <!-- createingNewRecordAbsencereasons -->
  <testcase classname="com.testCases.CrossBrowserTesting" name="sortingAndDeletingReturnhomeTypesofdischarge" time="0.0">
    <ignored/>
  </testcase> <!-- sortingAndDeletingReturnhomeTypesofdischarge -->
  <testcase classname="com.testCases.CrossBrowserTesting" name="creatingNewRecordPerfusionTyp" time="0.0">
    <ignored/>
  </testcase> <!-- creatingNewRecordPerfusionTyp -->
  <testcase classname="com.testCases.CrossBrowserTesting" name="newBoardConfigurationValidation" time="0.0">
    <ignored/>
  </testcase> <!-- newBoardConfigurationValidation -->
  <testcase classname="com.testCases.CrossBrowserTesting" name="negativeDefaultErrorValiadtion" time="0.0">
    <ignored/>
  </testcase> <!-- negativeDefaultErrorValiadtion -->
  <testcase classname="com.testCases.CrossBrowserTesting" name="OWordDocumentBookmarks" time="0.0">
    <ignored/>
  </testcase> <!-- OWordDocumentBookmarks -->
  <testcase classname="com.testCases.CrossBrowserTesting" name="listOfQuickPrescriptionSheet_filterRecords" time="0.0">
    <ignored/>
  </testcase> <!-- listOfQuickPrescriptionSheet_filterRecords -->
  <testcase classname="com.testCases.CrossBrowserTesting" name="sortingAndDeletingHeartrateQualitative" time="0.0">
    <ignored/>
  </testcase> <!-- sortingAndDeletingHeartrateQualitative -->
  <testcase classname="com.testCases.CrossBrowserTesting" name="codeColumnsValidationLifecontext" time="0.0">
    <ignored/>
  </testcase> <!-- codeColumnsValidationLifecontext -->
  <testcase classname="com.testCases.CrossBrowserTesting" name="duplicateErrorValiadtionHospitalizationReasonforcancellation" time="0.0">
    <ignored/>
  </testcase> <!-- duplicateErrorValiadtionHospitalizationReasonforcancellation -->
  <testcase classname="com.testCases.CrossBrowserTesting" name="navigateToHospitalizationReasonforcancellation" time="0.0">
    <ignored/>
  </testcase> <!-- navigateToHospitalizationReasonforcancellation -->
  <testcase classname="com.testCases.CrossBrowserTesting" name="codeColumnsValidationHeartrateQualitative" time="0.0">
    <ignored/>
  </testcase> <!-- codeColumnsValidationHeartrateQualitative -->
  <testcase classname="com.testCases.CrossBrowserTesting" name="newDoctorCreation" time="0.0">
    <ignored/>
  </testcase> <!-- newDoctorCreation -->
  <testcase classname="com.testCases.CrossBrowserTesting" name="navigateToActivitiesforPABworkplan" time="0.0">
    <ignored/>
  </testcase> <!-- navigateToActivitiesforPABworkplan -->
  <testcase classname="com.testCases.CrossBrowserTesting" name="StatsByConfiguration_Creation" time="0.0">
    <ignored/>
  </testcase> <!-- StatsByConfiguration_Creation -->
  <testcase classname="com.testCases.CrossBrowserTesting" name="navigateToSummaryofCarer" time="0.0">
    <ignored/>
  </testcase> <!-- navigateToSummaryofCarer -->
  <testcase classname="com.testCases.CrossBrowserTesting" name="sortingAndDeletingOxygenadministrationflow" time="0.0">
    <ignored/>
  </testcase> <!-- sortingAndDeletingOxygenadministrationflow -->
  <testcase classname="com.testCases.CrossBrowserTesting" name="Consultation_Creation" time="0.0">
    <ignored/>
  </testcase> <!-- Consultation_Creation -->
  <testcase classname="com.testCases.CrossBrowserTesting" name="duplicateErrorVentilators" time="0.0">
    <ignored/>
  </testcase> <!-- duplicateErrorVentilators -->
  <testcase classname="com.testCases.CrossBrowserTesting" name="navigateToPerfusionTypeScreen" time="0.0">
    <ignored/>
  </testcase> <!-- navigateToPerfusionTypeScreen -->
  <testcase classname="com.testCases.CrossBrowserTesting" name="navigateToReasonsForCodeOrange" time="0.0">
    <ignored/>
  </testcase> <!-- navigateToReasonsForCodeOrange -->
  <testcase classname="com.testCases.CrossBrowserTesting" name="sortingAndDeletingInstitutionmissions" time="0.0">
    <ignored/>
  </testcase> <!-- sortingAndDeletingInstitutionmissions -->
  <testcase classname="com.testCases.CrossBrowserTesting" name="listOfProtocols_ExamLabs" time="0.0">
    <ignored/>
  </testcase> <!-- listOfProtocols_ExamLabs -->
  <testcase classname="com.testCases.CrossBrowserTesting" name="sortingAndDeletingReturnVisitReasons" time="0.0">
    <ignored/>
  </testcase> <!-- sortingAndDeletingReturnVisitReasons -->
  <testcase classname="com.testCases.CrossBrowserTesting" name="navigateToReorientedDepartureAlternativeRessource" time="0.0">
    <ignored/>
  </testcase> <!-- navigateToReorientedDepartureAlternativeRessource -->
  <testcase classname="com.testCases.CrossBrowserTesting" name="filteringRecords" time="0.0">
    <ignored/>
  </testcase> <!-- filteringRecords -->
  <testcase classname="com.testCases.CrossBrowserTesting" name="sortingAndDeletingGasResultsCorrespondence" time="0.0">
    <ignored/>
  </testcase> <!-- sortingAndDeletingGasResultsCorrespondence -->
  <testcase classname="com.testCases.CrossBrowserTesting" name="codeColumnsValidationOxygenadministrationmethod" time="0.0">
    <ignored/>
  </testcase> <!-- codeColumnsValidationOxygenadministrationmethod -->
  <testcase classname="com.testCases.CrossBrowserTesting" name="duplicateErrorValiadtionTransferTransportation" time="0.0">
    <ignored/>
  </testcase> <!-- duplicateErrorValiadtionTransferTransportation -->
  <testcase classname="com.testCases.CrossBrowserTesting" name="sortingAndDeletingTransferTransportation" time="0.0">
    <ignored/>
  </testcase> <!-- sortingAndDeletingTransferTransportation -->
  <testcase classname="com.testCases.CrossBrowserTesting" name="filterAndDeletingRecords" time="0.0">
    <ignored/>
  </testcase> <!-- filterAndDeletingRecords -->
  <testcase classname="com.testCases.CrossBrowserTesting" name="filterRecords_OACISAdditionalInformation" time="0.0">
    <ignored/>
  </testcase> <!-- filterRecords_OACISAdditionalInformation -->
  <testcase classname="com.testCases.CrossBrowserTesting" name="validatingCodecolumn" time="0.0">
    <ignored/>
  </testcase> <!-- validatingCodecolumn -->
  <testcase classname="com.testCases.CrossBrowserTesting" name="createingNewRecord" time="0.0">
    <ignored/>
  </testcase> <!-- createingNewRecord -->
  <testcase classname="com.testCases.CrossBrowserTesting" name="createingNewRecordReasonsofConsultation" time="0.0">
    <ignored/>
  </testcase> <!-- createingNewRecordReasonsofConsultation -->
  <testcase classname="com.testCases.CrossBrowserTesting" name="createingNewRecordTemperatureQualitative" time="0.0">
    <ignored/>
  </testcase> <!-- createingNewRecordTemperatureQualitative -->
  <testcase classname="com.testCases.CrossBrowserTesting" name="sortingAndDeletingTransferEscort" time="0.0">
    <ignored/>
  </testcase> <!-- sortingAndDeletingTransferEscort -->
  <testcase classname="com.testCases.CrossBrowserTesting" name="sortingAndDeletingConsultationplanning" time="0.0">
    <ignored/>
  </testcase> <!-- sortingAndDeletingConsultationplanning -->
  <testcase classname="com.testCases.CrossBrowserTesting" name="filterRecords_ActivitiesCancelReason" time="0.0">
    <ignored/>
  </testcase> <!-- filterRecords_ActivitiesCancelReason -->
  <testcase classname="com.testCases.CrossBrowserTesting" name="sortingAndDeletingSeverity" time="0.0">
    <ignored/>
  </testcase> <!-- sortingAndDeletingSeverity -->
  <testcase classname="com.testCases.CrossBrowserTesting" name="VerifyingTheErrorsSpecialActivitiesAssociation" time="0.0">
    <ignored/>
  </testcase> <!-- VerifyingTheErrorsSpecialActivitiesAssociation -->
  <testcase classname="com.testCases.CrossBrowserTesting" name="validatingColumnsTriageComplaintsConfigurationAdult" time="0.0">
    <ignored/>
  </testcase> <!-- validatingColumnsTriageComplaintsConfigurationAdult -->
  <testcase classname="com.testCases.CrossBrowserTesting" name="BriefAssessment_filterRecords" time="0.0">
    <ignored/>
  </testcase> <!-- BriefAssessment_filterRecords -->
  <testcase classname="com.testCases.CrossBrowserTesting" name="codeColumnsValidationReturnhomeReferredServices" time="0.0">
    <ignored/>
  </testcase> <!-- codeColumnsValidationReturnhomeReferredServices -->
  <testcase classname="com.testCases.CrossBrowserTesting" name="navigateToInformationsources" time="0.0">
    <ignored/>
  </testcase> <!-- navigateToInformationsources -->
  <testcase classname="com.testCases.CrossBrowserTesting" name="absenceReason_Validation" time="0.0">
    <ignored/>
  </testcase> <!-- absenceReason_Validation -->
  <testcase classname="com.testCases.CrossBrowserTesting" name="consultNoteWordFormValidation" time="0.0">
    <ignored/>
  </testcase> <!-- consultNoteWordFormValidation -->
  <testcase classname="com.testCases.CrossBrowserTesting" name="filter_records_TicketTerminal" time="0.0">
    <ignored/>
  </testcase> <!-- filter_records_TicketTerminal -->
  <testcase classname="com.testCases.CrossBrowserTesting" name="sortingAndDeletingOxygenadministrationmethod" time="0.0">
    <ignored/>
  </testcase> <!-- sortingAndDeletingOxygenadministrationmethod -->
  <testcase classname="com.testCases.CrossBrowserTesting" name="navigateToAllergicsreaction" time="0.0">
    <ignored/>
  </testcase> <!-- navigateToAllergicsreaction -->
  <testcase classname="com.testCases.CrossBrowserTesting" name="sortingAndDeletingClinicalstatus" time="0.0">
    <ignored/>
  </testcase> <!-- sortingAndDeletingClinicalstatus -->
  <testcase classname="com.testCases.CrossBrowserTesting" name="createingNewRecordCriticalPatients" time="0.0">
    <ignored/>
  </testcase> <!-- createingNewRecordCriticalPatients -->
  <testcase classname="com.testCases.CrossBrowserTesting" name="duplicateErrorValiadtionLifecontext" time="0.0">
    <ignored/>
  </testcase> <!-- duplicateErrorValiadtionLifecontext -->
  <testcase classname="com.testCases.CrossBrowserTesting" name="duplicateErrorValiadtionActivitiesforPABworkplan" time="0.0">
    <ignored/>
  </testcase> <!-- duplicateErrorValiadtionActivitiesforPABworkplan -->
  <testcase classname="com.testCases.CrossBrowserTesting" name="controlPointScreenValidation" time="0.0">
    <ignored/>
  </testcase> <!-- controlPointScreenValidation -->
  <testcase classname="com.testCases.CrossBrowserTesting" name="associationOfAlarm" time="0.0">
    <ignored/>
  </testcase> <!-- associationOfAlarm -->
  <testcase classname="com.testCases.CrossBrowserTesting" name="Score_Validation" time="0.0">
    <ignored/>
  </testcase> <!-- Score_Validation -->
  <testcase classname="com.testCases.CrossBrowserTesting" name="verifyingTheError" time="0.0">
    <ignored/>
  </testcase> <!-- verifyingTheError -->
  <testcase classname="com.testCases.CrossBrowserTesting" name="listOfQuickPrescriptionSection_filterRecords" time="0.0">
    <ignored/>
  </testcase> <!-- listOfQuickPrescriptionSection_filterRecords -->
  <testcase classname="com.testCases.CrossBrowserTesting" name="createTicketTerminalManagement" time="0.0">
    <ignored/>
  </testcase> <!-- createTicketTerminalManagement -->
  <testcase classname="com.testCases.CrossBrowserTesting" name="createingNewRecordAbsenceReasonsScreeninTools" time="0.0">
    <ignored/>
  </testcase> <!-- createingNewRecordAbsenceReasonsScreeninTools -->
  <testcase classname="com.testCases.CrossBrowserTesting" name="duplicateErrorValiadtionRespiratoryrateQualitative" time="0.0">
    <ignored/>
  </testcase> <!-- duplicateErrorValiadtionRespiratoryrateQualitative -->
  <testcase classname="com.testCases.CrossBrowserTesting" name="createingNewRecordReorientedDepartureReasonforRefusal" time="0.0">
    <ignored/>
  </testcase> <!-- createingNewRecordReorientedDepartureReasonforRefusal -->
  <testcase classname="com.testCases.CrossBrowserTesting" name="TriageStationsManagementvalidation_Creation" time="0.0">
    <ignored/>
  </testcase> <!-- TriageStationsManagementvalidation_Creation -->
  <testcase classname="com.testCases.CrossBrowserTesting" name="creatingNewRecordExam" time="0.0">
    <ignored/>
  </testcase> <!-- creatingNewRecordExam -->
  <testcase classname="com.testCases.CrossBrowserTesting" name="createingNewRecordLifecontext" time="0.0">
    <ignored/>
  </testcase> <!-- createingNewRecordLifecontext -->
  <testcase classname="com.testCases.CrossBrowserTesting" name="configurationValidation" time="0.0">
    <ignored/>
  </testcase> <!-- configurationValidation -->
  <testcase classname="com.testCases.CrossBrowserTesting" name="navigateToAllergiesType" time="0.0">
    <ignored/>
  </testcase> <!-- navigateToAllergiesType -->
  <testcase classname="com.testCases.CrossBrowserTesting" name="sortingAndDeletingVentilators" time="0.0">
    <ignored/>
  </testcase> <!-- sortingAndDeletingVentilators -->
  <testcase classname="com.testCases.CrossBrowserTesting" name="listOfQuickPrescriptionRX_filterRecords" time="0.0">
    <ignored/>
  </testcase> <!-- listOfQuickPrescriptionRX_filterRecords -->
  <testcase classname="com.testCases.CrossBrowserTesting" name="navigateToVitalSign" time="0.0">
    <ignored/>
  </testcase> <!-- navigateToVitalSign -->
  <testcase classname="com.testCases.CrossBrowserTesting" name="sortingAndDeletingElementsNoteWordForm" time="0.0">
    <ignored/>
  </testcase> <!-- sortingAndDeletingElementsNoteWordForm -->
  <testcase classname="com.testCases.CrossBrowserTesting" name="functionalityValidation" time="0.0">
    <ignored/>
  </testcase> <!-- functionalityValidation -->
  <testcase classname="com.testCases.CrossBrowserTesting" name="codeColumnsValidationTransferEscort" time="0.0">
    <ignored/>
  </testcase> <!-- codeColumnsValidationTransferEscort -->
  <testcase classname="com.testCases.CrossBrowserTesting" name="creatingNewRecord" time="0.0">
    <ignored/>
  </testcase> <!-- creatingNewRecord -->
  <testcase classname="com.testCases.CrossBrowserTesting" name="navigateToOrdonnanceInterne" time="0.0">
    <ignored/>
  </testcase> <!-- navigateToOrdonnanceInterne -->
  <testcase classname="com.testCases.CrossBrowserTesting" name="duplicateErrorValiadtionProvenance" time="0.0">
    <ignored/>
  </testcase> <!-- duplicateErrorValiadtionProvenance -->
  <testcase classname="com.testCases.CrossBrowserTesting" name="duplicateErrorAbsencereasons" time="0.0">
    <ignored/>
  </testcase> <!-- duplicateErrorAbsencereasons -->
  <testcase classname="com.testCases.CrossBrowserTesting" name="duplicateErrorValiadtion" time="0.0">
    <ignored/>
  </testcase> <!-- duplicateErrorValiadtion -->
  <testcase classname="com.testCases.CrossBrowserTesting" name="filterRecords_absenceReason" time="0.0">
    <ignored/>
  </testcase> <!-- filterRecords_absenceReason -->
  <testcase classname="com.testCases.CrossBrowserTesting" name="verifyingTheFilterSpecialActivitiesAssociation" time="0.0">
    <ignored/>
  </testcase> <!-- verifyingTheFilterSpecialActivitiesAssociation -->
  <testcase classname="com.testCases.CrossBrowserTesting" name="navigateToUnitsScreen" time="0.0">
    <ignored/>
  </testcase> <!-- navigateToUnitsScreen -->
  <testcase classname="com.testCases.CrossBrowserTesting" name="orderColumnsValidationActivitiesforPABworkplan" time="0.0">
    <ignored/>
  </testcase> <!-- orderColumnsValidationActivitiesforPABworkplan -->
  <testcase classname="com.testCases.CrossBrowserTesting" name="createingNewRecordOxygenadministrationmethod" time="0.0">
    <ignored/>
  </testcase> <!-- createingNewRecordOxygenadministrationmethod -->
  <testcase classname="com.testCases.CrossBrowserTesting" name="navigateToDischargeOrder" time="0.0">
    <ignored/>
  </testcase> <!-- navigateToDischargeOrder -->
  <testcase classname="com.testCases.CrossBrowserTesting" name="StatsConfiguration_filterAndDeletion" time="0.0">
    <ignored/>
  </testcase> <!-- StatsConfiguration_filterAndDeletion -->
  <testcase classname="com.testCases.CrossBrowserTesting" name="filterRecords_AccidentGroups" time="0.0">
    <ignored/>
  </testcase> <!-- filterRecords_AccidentGroups -->
  <testcase classname="com.testCases.CrossBrowserTesting" name="creatingNewRecordSpecialActivitiesAssociation" time="0.0">
    <ignored/>
  </testcase> <!-- creatingNewRecordSpecialActivitiesAssociation -->
  <testcase classname="com.testCases.CrossBrowserTesting" name="perfusionSite_filterRecords" time="0.0">
    <ignored/>
  </testcase> <!-- perfusionSite_filterRecords -->
  <testcase classname="com.testCases.CrossBrowserTesting" name="createingNewRecordClinicalstatus" time="0.0">
    <ignored/>
  </testcase> <!-- createingNewRecordClinicalstatus -->
  <testcase classname="com.testCases.CrossBrowserTesting" name="creatingNewRecordDosagegroups" time="0.0">
    <ignored/>
  </testcase> <!-- creatingNewRecordDosagegroups -->
  <testcase classname="com.testCases.CrossBrowserTesting" name="codeColumnsValidationReorientedDepartureReasonforRefusal" time="0.0">
    <ignored/>
  </testcase> <!-- codeColumnsValidationReorientedDepartureReasonforRefusal -->
  <testcase classname="com.testCases.CrossBrowserTesting" name="verifyingTheFilterFormPrintManager" time="0.0">
    <ignored/>
  </testcase> <!-- verifyingTheFilterFormPrintManager -->
  <testcase classname="com.testCases.CrossBrowserTesting" name="createingNewRecordSeverity" time="0.0">
    <ignored/>
  </testcase> <!-- createingNewRecordSeverity -->
  <testcase classname="com.testCases.CrossBrowserTesting" name="Unit_Creation" time="0.0">
    <ignored/>
  </testcase> <!-- Unit_Creation -->
  <testcase classname="com.testCases.CrossBrowserTesting" name="navigateTOMedicationconfiguration" time="0.0">
    <ignored/>
  </testcase> <!-- navigateTOMedicationconfiguration -->
  <testcase classname="com.testCases.CrossBrowserTesting" name="filterRecords_ConsultationCancelReason" time="0.0">
    <ignored/>
  </testcase> <!-- filterRecords_ConsultationCancelReason -->
  <testcase classname="com.testCases.CrossBrowserTesting" name="duplicateErrorValiadtionInformationsources" time="0.0">
    <ignored/>
  </testcase> <!-- duplicateErrorValiadtionInformationsources -->
  <testcase classname="com.testCases.CrossBrowserTesting" name="createCustomNoteWordFormValidation" time="0.0">
    <ignored/>
  </testcase> <!-- createCustomNoteWordFormValidation -->
  <testcase classname="com.testCases.CrossBrowserTesting" name="createingNewRecordComparative" time="0.0">
    <ignored/>
  </testcase> <!-- createingNewRecordComparative -->
  <testcase classname="com.testCases.CrossBrowserTesting" name="sortingAndDeleting" time="0.0">
    <ignored/>
  </testcase> <!-- sortingAndDeleting -->
  <testcase classname="com.testCases.CrossBrowserTesting" name="creatingNewParagraph" time="0.0">
    <ignored/>
  </testcase> <!-- creatingNewParagraph -->
  <testcase classname="com.testCases.CrossBrowserTesting" name="rolesScreen" time="0.0">
    <ignored/>
  </testcase> <!-- rolesScreen -->
  <testcase classname="com.testCases.CrossBrowserTesting" name="Consultation_filterAndDeletion" time="0.0">
    <ignored/>
  </testcase> <!-- Consultation_filterAndDeletion -->
  <testcase classname="com.testCases.CrossBrowserTesting" name="filterRecords_StretcherBedCategories" time="0.0">
    <ignored/>
  </testcase> <!-- filterRecords_StretcherBedCategories -->
  <testcase classname="com.testCases.CrossBrowserTesting" name="TransferReason_Creation" time="0.0">
    <ignored/>
  </testcase> <!-- TransferReason_Creation -->
  <testcase classname="com.testCases.CrossBrowserTesting" name="checkingFilterfunction" time="0.0">
    <ignored/>
  </testcase> <!-- checkingFilterfunction -->
  <testcase classname="com.testCases.CrossBrowserTesting" name="navigateToScreeningToolsConfiguration" time="0.0">
    <ignored/>
  </testcase> <!-- navigateToScreeningToolsConfiguration -->
  <testcase classname="com.testCases.CrossBrowserTesting" name="creatingNewRecordFormPrintManager" time="0.0">
    <ignored/>
  </testcase> <!-- creatingNewRecordFormPrintManager -->
  <testcase classname="com.testCases.CrossBrowserTesting" name="createingNewRecordLeavingmedicationt" time="0.0">
    <ignored/>
  </testcase> <!-- createingNewRecordLeavingmedicationt -->
  <testcase classname="com.testCases.CrossBrowserTesting" name="listOfQuickPrescriptionOtherItems_filterRecords" time="0.0">
    <ignored/>
  </testcase> <!-- listOfQuickPrescriptionOtherItems_filterRecords -->
  <testcase classname="com.testCases.CrossBrowserTesting" name="duplicateErrorValiadtionReturnhomeTypesofdischarge" time="0.0">
    <ignored/>
  </testcase> <!-- duplicateErrorValiadtionReturnhomeTypesofdischarge -->
  <testcase classname="com.testCases.CrossBrowserTesting" name="ArrivalModeValidation" time="0.0">
    <ignored/>
  </testcase> <!-- ArrivalModeValidation -->
  <testcase classname="com.testCases.CrossBrowserTesting" name="createingNewRecordPAB" time="0.0">
    <ignored/>
  </testcase> <!-- createingNewRecordPAB -->
  <testcase classname="com.testCases.CrossBrowserTesting" name="AccidentValidation" time="0.0">
    <ignored/>
  </testcase> <!-- AccidentValidation -->
  <testcase classname="com.testCases.CrossBrowserTesting" name="verifyingTheFilterPerfusionType" time="0.0">
    <ignored/>
  </testcase> <!-- verifyingTheFilterPerfusionType -->
  <testcase classname="com.testCases.CrossBrowserTesting" name="usersDoctorsImportValidation" time="0.0">
    <ignored/>
  </testcase> <!-- usersDoctorsImportValidation -->
  <testcase classname="com.testCases.CrossBrowserTesting" name="createingNewRecordAllergicsreaction" time="0.0">
    <ignored/>
  </testcase> <!-- createingNewRecordAllergicsreaction -->
  <testcase classname="com.testCases.CrossBrowserTesting" name="navigateToEmergencyInitialPrescription" time="0.0">
    <ignored/>
  </testcase> <!-- navigateToEmergencyInitialPrescription -->
  <testcase classname="com.testCases.CrossBrowserTesting" name="duplicateErrorValiadtionReorientedDepartureReasonforRefusal" time="0.0">
    <ignored/>
  </testcase> <!-- duplicateErrorValiadtionReorientedDepartureReasonforRefusal -->
  <testcase classname="com.testCases.CrossBrowserTesting" name="duplicateErrorValiadtionHeartrateQualitative" time="0.0">
    <ignored/>
  </testcase> <!-- duplicateErrorValiadtionHeartrateQualitative -->
  <testcase classname="com.testCases.CrossBrowserTesting" name="sortingAndDeletingDiet" time="0.0">
    <ignored/>
  </testcase> <!-- sortingAndDeletingDiet -->
  <testcase classname="com.testCases.CrossBrowserTesting" name="createingNewRecordEmergencyInitialPrescription" time="0.0">
    <ignored/>
  </testcase> <!-- createingNewRecordEmergencyInitialPrescription -->
  <testcase classname="com.testCases.CrossBrowserTesting" name="navigateToConsultant" time="0.0">
    <ignored/>
  </testcase> <!-- navigateToConsultant -->
  <testcase classname="com.testCases.CrossBrowserTesting" name="navigateToClinicalDossier" time="0.0">
    <ignored/>
  </testcase> <!-- navigateToClinicalDossier -->
  <testcase classname="com.testCases.CrossBrowserTesting" name="navigateToLWBSReasons" time="0.0">
    <ignored/>
  </testcase> <!-- navigateToLWBSReasons -->
  <testcase classname="com.testCases.CrossBrowserTesting" name="rolesAndControlpoints" time="0.0">
    <ignored/>
  </testcase> <!-- rolesAndControlpoints -->
  <testcase classname="com.testCases.CrossBrowserTesting" name="navigateToConsultationPlanning" time="0.0">
    <ignored/>
  </testcase> <!-- navigateToConsultationPlanning -->
  <testcase classname="com.testCases.CrossBrowserTesting" name="routeOfAdministration_Validation" time="0.0">
    <ignored/>
  </testcase> <!-- routeOfAdministration_Validation -->
  <testcase classname="com.testCases.CrossBrowserTesting" name="clinicalServicesValidation" time="0.0">
    <ignored/>
  </testcase> <!-- clinicalServicesValidation -->
  <testcase classname="com.testCases.CrossBrowserTesting" name="createingNewRecordDiet" time="0.0">
    <ignored/>
  </testcase> <!-- createingNewRecordDiet -->
  <testcase classname="com.testCases.CrossBrowserTesting" name="sortingAndDeletingBloodpressureQualitative" time="0.0">
    <ignored/>
  </testcase> <!-- sortingAndDeletingBloodpressureQualitative -->
  <testcase classname="com.testCases.CrossBrowserTesting" name="duplicateErrorValiadtionAllergicsreaction" time="0.0">
    <ignored/>
  </testcase> <!-- duplicateErrorValiadtionAllergicsreaction -->
  <testcase classname="com.testCases.CrossBrowserTesting" name="listOfQuickPrescriptionItems_filterRecords" time="0.0">
    <ignored/>
  </testcase> <!-- listOfQuickPrescriptionItems_filterRecords -->
  <testcase classname="com.testCases.CrossBrowserTesting" name="sortingAndDeletingSensitivitytoAllergens" time="0.0">
    <ignored/>
  </testcase> <!-- sortingAndDeletingSensitivitytoAllergens -->
  <testcase classname="com.testCases.CrossBrowserTesting" name="StationAlarmManagementRecord_creation" time="0.0">
    <ignored/>
  </testcase> <!-- StationAlarmManagementRecord_creation -->
  <testcase classname="com.testCases.CrossBrowserTesting" name="navigateToLeavingmedicationt" time="0.0">
    <ignored/>
  </testcase> <!-- navigateToLeavingmedicationt -->
  <testcase classname="com.testCases.CrossBrowserTesting" name="createingNewRecordAbsencereasonsColors" time="0.0">
    <ignored/>
  </testcase> <!-- createingNewRecordAbsencereasonsColors -->
  <testcase classname="com.testCases.CrossBrowserTesting" name="createingNewRecordActivitiesforPABworkplan" time="0.0">
    <ignored/>
  </testcase> <!-- createingNewRecordActivitiesforPABworkplan -->
  <testcase classname="com.testCases.CrossBrowserTesting" name="navigateToReturnVisitTicket" time="0.0">
    <ignored/>
  </testcase> <!-- navigateToReturnVisitTicket -->
  <testcase classname="com.testCases.CrossBrowserTesting" name="filterRecords_routeOfAdministration" time="0.0">
    <ignored/>
  </testcase> <!-- filterRecords_routeOfAdministration -->
  <testcase classname="com.testCases.CrossBrowserTesting" name="createingNewRecordOrdonnanceInterne" time="0.0">
    <ignored/>
  </testcase> <!-- createingNewRecordOrdonnanceInterne -->
  <testcase classname="com.testCases.CrossBrowserTesting" name="consultantCall_Creation" time="0.0">
    <ignored/>
  </testcase> <!-- consultantCall_Creation -->
  <testcase classname="com.testCases.CrossBrowserTesting" name="sortingAndDeletingActivitiesforPABworkplan" time="0.0">
    <ignored/>
  </testcase> <!-- sortingAndDeletingActivitiesforPABworkplan -->
  <testcase classname="com.testCases.CrossBrowserTesting" name="createingNewRecordReorientedDepartureAlternativeRessource" time="0.0">
    <ignored/>
  </testcase> <!-- createingNewRecordReorientedDepartureAlternativeRessource -->
  <testcase classname="com.testCases.CrossBrowserTesting" name="navigateToCriticalPatients" time="0.0">
    <ignored/>
  </testcase> <!-- navigateToCriticalPatients -->
  <testcase classname="com.testCases.CrossBrowserTesting" name="validatingColumnsTriagecomplaintsconfigurationpediatrics" time="0.0">
    <ignored/>
  </testcase> <!-- validatingColumnsTriagecomplaintsconfigurationpediatrics -->
  <testcase classname="com.testCases.CrossBrowserTesting" name="sortingAndDeletingProvenance" time="0.0">
    <ignored/>
  </testcase> <!-- sortingAndDeletingProvenance -->
  <testcase classname="com.testCases.CrossBrowserTesting" name="verifyingTheFilter" time="0.0">
    <ignored/>
  </testcase> <!-- verifyingTheFilter -->
  <testcase classname="com.testCases.CrossBrowserTesting" name="perfusionSpecification_filterRecords" time="0.0">
    <ignored/>
  </testcase> <!-- perfusionSpecification_filterRecords -->
  <testcase classname="com.testCases.CrossBrowserTesting" name="createingNewRecordClinicalDossier" time="0.0">
    <ignored/>
  </testcase> <!-- createingNewRecordClinicalDossier -->
  <testcase classname="com.testCases.CrossBrowserTesting" name="navigateToDiet" time="0.0">
    <ignored/>
  </testcase> <!-- navigateToDiet -->
  <testcase classname="com.testCases.CrossBrowserTesting" name="navigateToTemperatureQualitative" time="0.0">
    <ignored/>
  </testcase> <!-- navigateToTemperatureQualitative -->
  <testcase classname="com.testCases.CrossBrowserTesting" name="sortingAndDeletingAbsenceReasonsScreeninTools" time="0.0">
    <ignored/>
  </testcase> <!-- sortingAndDeletingAbsenceReasonsScreeninTools -->
  <testcase classname="com.testCases.CrossBrowserTesting" name="createingNewRecordBloodpressureQualitative" time="0.0">
    <ignored/>
  </testcase> <!-- createingNewRecordBloodpressureQualitative -->
  <testcase classname="com.testCases.CrossBrowserTesting" name="createingNewRecordHeartrateQualitative" time="0.0">
    <ignored/>
  </testcase> <!-- createingNewRecordHeartrateQualitative -->
  <testcase classname="com.testCases.CrossBrowserTesting" name="AH280_AdditionalInformation_Validation" time="0.0">
    <ignored/>
  </testcase> <!-- AH280_AdditionalInformation_Validation -->
  <testcase classname="com.testCases.CrossBrowserTesting" name="codeColumnsValidationRespiratoryrateQualitative" time="0.0">
    <ignored/>
  </testcase> <!-- codeColumnsValidationRespiratoryrateQualitative -->
  <testcase classname="com.testCases.CrossBrowserTesting" name="sortingAndDeletingReasonsForCodeOrange" time="0.0">
    <ignored/>
  </testcase> <!-- sortingAndDeletingReasonsForCodeOrange -->
  <testcase classname="com.testCases.CrossBrowserTesting" name="verifyingTheFilterExam" time="0.0">
    <ignored/>
  </testcase> <!-- verifyingTheFilterExam -->
  <testcase classname="com.testCases.CrossBrowserTesting" name="listOfProtocols_Diet" time="0.0">
    <ignored/>
  </testcase> <!-- listOfProtocols_Diet -->
  <testcase classname="com.testCases.CrossBrowserTesting" name="listOfQuickPrescriptionSection_Validation" time="0.0">
    <ignored/>
  </testcase> <!-- listOfQuickPrescriptionSection_Validation -->
  <testcase classname="com.testCases.CrossBrowserTesting" name="navigateToSeverity" time="0.0">
    <ignored/>
  </testcase> <!-- navigateToSeverity -->
  <testcase classname="com.testCases.CrossBrowserTesting" name="navigateToTriagecomplaintsconfigurationpediatrics" time="0.0">
    <ignored/>
  </testcase> <!-- navigateToTriagecomplaintsconfigurationpediatrics -->
  <testcase classname="com.testCases.CrossBrowserTesting" name="creatingNewRecordSpecialActivitiesConfiguration" time="0.0">
    <ignored/>
  </testcase> <!-- creatingNewRecordSpecialActivitiesConfiguration -->
  <testcase classname="com.testCases.CrossBrowserTesting" name="sortingAndDeleting_StrBedCat" time="0.0">
    <ignored/>
  </testcase> <!-- sortingAndDeleting_StrBedCat -->
  <testcase classname="com.testCases.CrossBrowserTesting" name="frequency_Validation" time="0.0">
    <ignored/>
  </testcase> <!-- frequency_Validation -->
  <testcase classname="com.testCases.CrossBrowserTesting" name="createingNewRecordRapDepistage5" time="0.0">
    <ignored/>
  </testcase> <!-- createingNewRecordRapDepistage5 -->
  <testcase classname="com.testCases.CrossBrowserTesting" name="navigateToReturnhomeReferredServices" time="0.0">
    <ignored/>
  </testcase> <!-- navigateToReturnhomeReferredServices -->
  <testcase classname="com.testCases.CrossBrowserTesting" name="navigateToRespiratoryrateQualitative" time="0.0">
    <ignored/>
  </testcase> <!-- navigateToRespiratoryrateQualitative -->
  <testcase classname="com.testCases.CrossBrowserTesting" name="alarmPriorityAndColorManagementValidation" time="0.0">
    <ignored/>
  </testcase> <!-- alarmPriorityAndColorManagementValidation -->
  <testcase classname="com.testCases.CrossBrowserTesting" name="perfusionSpecification_Validation" time="0.0">
    <ignored/>
  </testcase> <!-- perfusionSpecification_Validation -->
  <testcase classname="com.testCases.CrossBrowserTesting" name="Interveners_Validation" time="0.0">
    <ignored/>
  </testcase> <!-- Interveners_Validation -->
  <testcase classname="com.testCases.CrossBrowserTesting" name="listOfProtocols_Medicaments" time="0.0">
    <ignored/>
  </testcase> <!-- listOfProtocols_Medicaments -->
  <testcase classname="com.testCases.CrossBrowserTesting" name="activitiesCancelReasonsValidation" time="0.0">
    <ignored/>
  </testcase> <!-- activitiesCancelReasonsValidation -->
  <testcase classname="com.testCases.CrossBrowserTesting" name="duplicateErrorValiadtionTemperatureQualitative" time="0.0">
    <ignored/>
  </testcase> <!-- duplicateErrorValiadtionTemperatureQualitative -->
  <testcase classname="com.testCases.CrossBrowserTesting" name="listOfLinksSheetSection_filterRecords" time="0.0">
    <ignored/>
  </testcase> <!-- listOfLinksSheetSection_filterRecords -->
  <testcase classname="com.testCases.CrossBrowserTesting" name="sortingAndDeletingTemperatureQualitative" time="0.0">
    <ignored/>
  </testcase> <!-- sortingAndDeletingTemperatureQualitative -->
  <testcase classname="com.testCases.CrossBrowserTesting" name="filterRecords_Schedule" time="0.0">
    <ignored/>
  </testcase> <!-- filterRecords_Schedule -->
  <testcase classname="com.testCases.CrossBrowserTesting" name="DomainConfiguration_Validation" time="0.0">
    <ignored/>
  </testcase> <!-- DomainConfiguration_Validation -->
  <testcase classname="com.testCases.CrossBrowserTesting" name="createingNewRecordLWBSReasons" time="0.0">
    <ignored/>
  </testcase> <!-- createingNewRecordLWBSReasons -->
  <testcase classname="com.testCases.CrossBrowserTesting" name="ElementsNoteWordFormUIValidation" time="0.0">
    <ignored/>
  </testcase> <!-- ElementsNoteWordFormUIValidation -->
  <testcase classname="com.testCases.CrossBrowserTesting" name="createingNewRecordTransferTransportation" time="0.0">
    <ignored/>
  </testcase> <!-- createingNewRecordTransferTransportation -->
  <testcase classname="com.testCases.CrossBrowserTesting" name="DestinationAfterTriageValidation" time="0.0">
    <ignored/>
  </testcase> <!-- DestinationAfterTriageValidation -->
  <testcase classname="com.testCases.CrossBrowserTesting" name="currentPatientsActiveAlarm_Screen" time="0.0">
    <ignored/>
  </testcase> <!-- currentPatientsActiveAlarm_Screen -->
  <testcase classname="com.testCases.CrossBrowserTesting" name="validatingTheError" time="0.0">
    <ignored/>
  </testcase> <!-- validatingTheError -->
  <testcase classname="com.testCases.CrossBrowserTesting" name="duplicateRecordReorientedDepartureAlternativeRessource" time="0.0">
    <ignored/>
  </testcase> <!-- duplicateRecordReorientedDepartureAlternativeRessource -->
  <testcase classname="com.testCases.CrossBrowserTesting" name="duplicateErrorValiadtionTransferEscort" time="0.0">
    <ignored/>
  </testcase> <!-- duplicateErrorValiadtionTransferEscort -->
  <testcase classname="com.testCases.CrossBrowserTesting" name="OACISAdditionalInformation_Validation" time="0.0">
    <ignored/>
  </testcase> <!-- OACISAdditionalInformation_Validation -->
  <testcase classname="com.testCases.CrossBrowserTesting" name="sortingAndDeletingCategory" time="0.0">
    <ignored/>
  </testcase> <!-- sortingAndDeletingCategory -->
  <testcase classname="com.testCases.CrossBrowserTesting" name="navigateToTransferEscort" time="0.0">
    <ignored/>
  </testcase> <!-- navigateToTransferEscort -->
  <testcase classname="com.testCases.CrossBrowserTesting" name="navigateToBloodpressureQualitative" time="0.0">
    <ignored/>
  </testcase> <!-- navigateToBloodpressureQualitative -->
  <testcase classname="com.testCases.CrossBrowserTesting" name="duplicateErrorValiadtionOxygenadministrationflow" time="0.0">
    <ignored/>
  </testcase> <!-- duplicateErrorValiadtionOxygenadministrationflow -->
  <testcase classname="com.testCases.CrossBrowserTesting" name="filterElementsNoteWordForm" time="0.0">
    <ignored/>
  </testcase> <!-- filterElementsNoteWordForm -->
  <testcase classname="com.testCases.CrossBrowserTesting" name="navigateToSensitivitytoAllergens" time="0.0">
    <ignored/>
  </testcase> <!-- navigateToSensitivitytoAllergens -->
  <testcase classname="com.testCases.CrossBrowserTesting" name="createingNewRecordReasonsForCodeOrange" time="0.0">
    <ignored/>
  </testcase> <!-- createingNewRecordReasonsForCodeOrange -->
  <testcase classname="com.testCases.CrossBrowserTesting" name="ConsultantCall_filterRecords" time="0.0">
    <ignored/>
  </testcase> <!-- ConsultantCall_filterRecords -->
  <testcase classname="com.testCases.CrossBrowserTesting" name="VerifyingTheErrorsDosagegroups" time="0.0">
    <ignored/>
  </testcase> <!-- VerifyingTheErrorsDosagegroups -->
  <testcase classname="com.testCases.CrossBrowserTesting" name="navigateToVentilators" time="0.0">
    <ignored/>
  </testcase> <!-- navigateToVentilators -->
  <testcase classname="com.testCases.CrossBrowserTesting" name="paymentResponsibilityValidation" time="0.0">
    <ignored/>
  </testcase> <!-- paymentResponsibilityValidation -->
  <testcase classname="com.testCases.CrossBrowserTesting" name="navigateToHeartrateQualitative" time="0.0">
    <ignored/>
  </testcase> <!-- navigateToHeartrateQualitative -->
  <testcase classname="com.testCases.CrossBrowserTesting" name="AlarmAndNOSOValidation" time="0.0">
    <ignored/>
  </testcase> <!-- AlarmAndNOSOValidation -->
  <testcase classname="com.testCases.CrossBrowserTesting" name="filterRecords_diagnosis" time="0.0">
    <ignored/>
  </testcase> <!-- filterRecords_diagnosis -->
  <testcase classname="com.testCases.CrossBrowserTesting" name="departurePrintManagement_Validation" time="0.0">
    <ignored/>
  </testcase> <!-- departurePrintManagement_Validation -->
  <testcase classname="com.testCases.CrossBrowserTesting" name="filterRecords_OWordBookmarkManagement" time="0.0">
    <ignored/>
  </testcase> <!-- filterRecords_OWordBookmarkManagement -->
  <testcase classname="com.testCases.CrossBrowserTesting" name="createingNewRecord1" time="0.0">
    <ignored/>
  </testcase> <!-- createingNewRecord1 -->
  <testcase classname="com.testCases.CrossBrowserTesting" name="navigateToProvenance" time="0.0">
    <ignored/>
  </testcase> <!-- navigateToProvenance -->
  <testcase classname="com.testCases.CrossBrowserTesting" name="navigateToSpecialActivitiesConfigurationScreen" time="0.0">
    <ignored/>
  </testcase> <!-- navigateToSpecialActivitiesConfigurationScreen -->
  <testcase classname="com.testCases.CrossBrowserTesting" name="navigateToRapDepistage5" time="0.0">
    <ignored/>
  </testcase> <!-- navigateToRapDepistage5 -->
  <testcase classname="com.testCases.CrossBrowserTesting" name="navigateToReturnhomeTypesofdischarge" time="0.0">
    <ignored/>
  </testcase> <!-- navigateToReturnhomeTypesofdischarge -->
  <testcase classname="com.testCases.CrossBrowserTesting" name="codeColumnsValidationReturnVisitReasons" time="0.0">
    <ignored/>
  </testcase> <!-- codeColumnsValidationReturnVisitReasons -->
  <testcase classname="com.testCases.CrossBrowserTesting" name="BriefAssessment_Validation" time="0.0">
    <ignored/>
  </testcase> <!-- BriefAssessment_Validation -->
  <testcase classname="com.testCases.CrossBrowserTesting" name="createElementsNoteWordForm" time="0.0">
    <ignored/>
  </testcase> <!-- createElementsNoteWordForm -->
  <testcase classname="com.testCases.CrossBrowserTesting" name="createingNewRecordProvenance" time="0.0">
    <ignored/>
  </testcase> <!-- createingNewRecordProvenance -->
  <testcase classname="com.testCases.CrossBrowserTesting" name="sortingAndDeletingStretcherBed" time="0.0">
    <ignored/>
  </testcase> <!-- sortingAndDeletingStretcherBed -->
  <testcase classname="com.testCases.CrossBrowserTesting" name="createingNewRecordReturnVisitTicket" time="0.0">
    <ignored/>
  </testcase> <!-- createingNewRecordReturnVisitTicket -->
  <testcase classname="com.testCases.CrossBrowserTesting" name="sortingAndDeletingReorientedDepartureReasonforRefusal" time="0.0">
    <ignored/>
  </testcase> <!-- sortingAndDeletingReorientedDepartureReasonforRefusal -->
  <testcase classname="com.testCases.CrossBrowserTesting" name="sortingAndDeletingInformationsources" time="0.0">
    <ignored/>
  </testcase> <!-- sortingAndDeletingInformationsources -->
  <testcase classname="com.testCases.CrossBrowserTesting" name="createingNewRecordGasResultsCorrespondence" time="0.0">
    <ignored/>
  </testcase> <!-- createingNewRecordGasResultsCorrespondence -->
  <testcase classname="com.testCases.CrossBrowserTesting" name="navigateToClinicalstatus" time="0.0">
    <ignored/>
  </testcase> <!-- navigateToClinicalstatus -->
  <testcase classname="com.testCases.CrossBrowserTesting" name="configurationrReasonsForCodeOrange" time="0.0">
    <ignored/>
  </testcase> <!-- configurationrReasonsForCodeOrange -->
  <testcase classname="com.testCases.CrossBrowserTesting" name="verifyingThecolumns" time="0.0">
    <ignored/>
  </testcase> <!-- verifyingThecolumns -->
  <testcase classname="com.testCases.CrossBrowserTesting" name="duplicateErrorValiadtionClinicalstatus" time="0.0">
    <ignored/>
  </testcase> <!-- duplicateErrorValiadtionClinicalstatus -->
  <testcase classname="com.testCases.CrossBrowserTesting" name="filterRecords_Interveners" time="0.0">
    <ignored/>
  </testcase> <!-- filterRecords_Interveners -->
  <testcase classname="com.testCases.CrossBrowserTesting" name="navigateTotheDoctor" time="0.0">
    <ignored/>
  </testcase> <!-- navigateTotheDoctor -->
  <testcase classname="com.testCases.CrossBrowserTesting" name="navigateToSpecialActivitiesAssociationScreen" time="0.0">
    <ignored/>
  </testcase> <!-- navigateToSpecialActivitiesAssociationScreen -->
  <testcase classname="com.testCases.CrossBrowserTesting" name="listOfLinksSheetSection_Validation" time="0.0">
    <ignored/>
  </testcase> <!-- listOfLinksSheetSection_Validation -->
  <testcase classname="com.testCases.CrossBrowserTesting" name="navigateToOxygenadministrationflow" time="0.0">
    <ignored/>
  </testcase> <!-- navigateToOxygenadministrationflow -->
  <testcase classname="com.testCases.CrossBrowserTesting" name="navigateToTriage" time="0.0">
    <ignored/>
  </testcase> <!-- navigateToTriage -->
  <testcase classname="com.testCases.CrossBrowserTesting" name="sortingAndDeletingLWBSReasons" time="0.0">
    <ignored/>
  </testcase> <!-- sortingAndDeletingLWBSReasons -->
  <testcase classname="com.testCases.CrossBrowserTesting" name="createingNewRecordReturnhomeTypesofdischarge" time="0.0">
    <ignored/>
  </testcase> <!-- createingNewRecordReturnhomeTypesofdischarge -->
  <testcase classname="com.testCases.CrossBrowserTesting" name="duplicateErrorValiadtionAbsenceReasonsScreeninTools" time="0.0">
    <ignored/>
  </testcase> <!-- duplicateErrorValiadtionAbsenceReasonsScreeninTools -->
  <testcase classname="com.testCases.CrossBrowserTesting" name="VerifyingTheErrorsPerfusionType" time="0.0">
    <ignored/>
  </testcase> <!-- VerifyingTheErrorsPerfusionType -->
  <testcase classname="com.testCases.CrossBrowserTesting" name="duplicateErrorValiadtionBloodpressureQualitative" time="0.0">
    <ignored/>
  </testcase> <!-- duplicateErrorValiadtionBloodpressureQualitative -->
  <testcase classname="com.testCases.CrossBrowserTesting" name="diagnosisValidation" time="0.0">
    <ignored/>
  </testcase> <!-- diagnosisValidation -->
  <testcase classname="com.testCases.CrossBrowserTesting" name="navigateToTransferPatientlist" time="0.0">
    <ignored/>
  </testcase> <!-- navigateToTransferPatientlist -->
  <testcase classname="com.testCases.CrossBrowserTesting" name="listOfQuickPrescriptionItems_Validation" time="0.0">
    <ignored/>
  </testcase> <!-- listOfQuickPrescriptionItems_Validation -->
  <testcase classname="com.testCases.CrossBrowserTesting" name="Score_filterRecords" time="0.0">
    <ignored/>
  </testcase> <!-- Score_filterRecords -->
  <testcase classname="com.testCases.CrossBrowserTesting" name="createingNewRecordReturnVisitReasons" time="0.0">
    <ignored/>
  </testcase> <!-- createingNewRecordReturnVisitReasons -->
  <testcase classname="com.testCases.CrossBrowserTesting" name="perfusionSite_Validation" time="0.0">
    <ignored/>
  </testcase> <!-- perfusionSite_Validation -->
  <testcase classname="com.testCases.CrossBrowserTesting" name="addingDomain" time="0.0">
    <ignored/>
  </testcase> <!-- addingDomain -->
  <testcase classname="com.testCases.CrossBrowserTesting" name="controlpointsANdRoles" time="0.0">
    <ignored/>
  </testcase> <!-- controlpointsANdRoles -->
  <testcase classname="com.testCases.CrossBrowserTesting" name="navigateToReturnVisitReasons" time="0.0">
    <ignored/>
  </testcase> <!-- navigateToReturnVisitReasons -->
  <testcase classname="com.testCases.CrossBrowserTesting" name="duplicateAndResidentDoctor" time="0.0">
    <ignored/>
  </testcase> <!-- duplicateAndResidentDoctor -->
  <testcase classname="com.testCases.CrossBrowserTesting" name="codeColumnsValidationDischargePlanningstatus" time="0.0">
    <ignored/>
  </testcase> <!-- codeColumnsValidationDischargePlanningstatus -->
  <testcase classname="com.testCases.CrossBrowserTesting" name="navigateToReasonsofConsultation" time="0.0">
    <ignored/>
  </testcase> <!-- navigateToReasonsofConsultation -->
  <testcase classname="com.testCases.CrossBrowserTesting" name="createingNewRecordVitalSigns" time="0.0">
    <ignored/>
  </testcase> <!-- createingNewRecordVitalSigns -->
  <testcase classname="com.testCases.CrossBrowserTesting" name="createingNewRecordAH280" time="0.0">
    <ignored/>
  </testcase> <!-- createingNewRecordAH280 -->
  <testcase classname="com.testCases.CrossBrowserTesting" name="createingNewRecordRespiratoryrateQualitative" time="0.0">
    <ignored/>
  </testcase> <!-- createingNewRecordRespiratoryrateQualitative -->
  <testcase classname="com.testCases.CrossBrowserTesting" name="createingNewRecordTriage" time="0.0">
    <ignored/>
  </testcase> <!-- createingNewRecordTriage -->
  <testcase classname="com.testCases.CrossBrowserTesting" name="createingNewRecordScreeningToolsConfiguration" time="0.0">
    <ignored/>
  </testcase> <!-- createingNewRecordScreeningToolsConfiguration -->
  <testcase classname="com.testCases.CrossBrowserTesting" name="VerifyingTheErrorsExam" time="0.0">
    <ignored/>
  </testcase> <!-- VerifyingTheErrorsExam -->
  <testcase classname="com.testCases.CrossBrowserTesting" name="filterRecords_StretcherBed" time="0.0">
    <ignored/>
  </testcase> <!-- filterRecords_StretcherBed -->
  <testcase classname="com.testCases.CrossBrowserTesting" name="verifyProtocolConfiguration" time="0.0">
    <ignored/>
  </testcase> <!-- verifyProtocolConfiguration -->
  <testcase classname="com.testCases.CrossBrowserTesting" name="navigateToNeurologicalSigns" time="0.0">
    <ignored/>
  </testcase> <!-- navigateToNeurologicalSigns -->
  <testcase classname="com.testCases.CrossBrowserTesting" name="deafaultRouteAndFrequencyValidation" time="0.0">
    <ignored/>
  </testcase> <!-- deafaultRouteAndFrequencyValidation -->
  <testcase classname="com.testCases.CrossBrowserTesting" name="createingNewRecordHospitalizationReasonforcancellation" time="0.0">
    <ignored/>
  </testcase> <!-- createingNewRecordHospitalizationReasonforcancellation -->
  <testcase classname="com.testCases.CrossBrowserTesting" name="stretcherBedCategories" time="0.0">
    <ignored/>
  </testcase> <!-- stretcherBedCategories -->
  <testcase classname="com.testCases.CrossBrowserTesting" name="createingNewRecordInstitutionmissions" time="0.0">
    <ignored/>
  </testcase> <!-- createingNewRecordInstitutionmissions -->
  <testcase classname="com.testCases.CrossBrowserTesting" name="checkDomainErrorMessage" time="0.0">
    <ignored/>
  </testcase> <!-- checkDomainErrorMessage -->
  <testcase classname="com.testCases.CrossBrowserTesting" name="verifyingTheFilterDosagegroups" time="0.0">
    <ignored/>
  </testcase> <!-- verifyingTheFilterDosagegroups -->
  <testcase classname="com.testCases.CrossBrowserTesting" name="createingNewRecordDischargeOrder" time="0.0">
    <ignored/>
  </testcase> <!-- createingNewRecordDischargeOrder -->
  <testcase classname="com.testCases.CrossBrowserTesting" name="listOfQuickPrescriptionSheet_Validation" time="0.0">
    <ignored/>
  </testcase> <!-- listOfQuickPrescriptionSheet_Validation -->
  <testcase classname="com.testCases.CrossBrowserTesting" name="createingNewRecordIntakeOutput" time="0.0">
    <ignored/>
  </testcase> <!-- createingNewRecordIntakeOutput -->
  <testcase classname="com.testCases.CrossBrowserTesting" name="sortingAndDeletingAllergicsreaction" time="0.0">
    <ignored/>
  </testcase> <!-- sortingAndDeletingAllergicsreaction -->
  <testcase classname="com.testCases.CrossBrowserTesting" name="sortingAndDeletingReturnhomeReferredServices" time="0.0">
    <ignored/>
  </testcase> <!-- sortingAndDeletingReturnhomeReferredServices -->
</testsuite> <!-- ChromeTest -->
