<?xml version="1.0" encoding="UTF-8"?>
<testng-results ignored="347" total="350" passed="2" failed="1" skipped="0">
  <reporter-output>
  </reporter-output>
  <suite started-at="2023-03-10T11:16:50Z" name="Suite" finished-at="2023-03-10T11:20:53Z" duration-ms="243546">
    <groups>
      <group name="Users">
        <method signature="CrossBrowserTesting.UnitAndRoleAllocation(java.lang.String)[pri:2, instance:com.testCases.CrossBrowserTesting@506ae4d4]" name="UnitAndRoleAllocation" class="com.testCases.CrossBrowserTesting"/>
        <method signature="CrossBrowserTesting.createUsersValidation()[pri:1, instance:com.testCases.CrossBrowserTesting@506ae4d4]" name="createUsersValidation" class="com.testCases.CrossBrowserTesting"/>
      </group> <!-- Users -->
      <group name="Common">
        <method signature="CrossBrowserTesting.urlLaunch(java.lang.String)[pri:0, instance:com.testCases.CrossBrowserTesting@506ae4d4]" name="urlLaunch" class="com.testCases.CrossBrowserTesting"/>
      </group> <!-- Common -->
    </groups>
    <test started-at="2023-03-10T11:16:50Z" name="ChromeTest" finished-at="2023-03-10T11:20:53Z" duration-ms="243546">
      <class name="com.testCases.CrossBrowserTesting">
        <test-method is-config="true" signature="reportsGeneration()[pri:0, instance:com.testCases.CrossBrowserTesting@506ae4d4]" started-at="2023-03-10T11:16:50Z" name="reportsGeneration" finished-at="2023-03-10T11:16:50Z" duration-ms="16" status="PASS">
          <reporter-output>
          </reporter-output>
        </test-method> <!-- reportsGeneration -->
        <test-method signature="urlLaunch(java.lang.String)[pri:0, instance:com.testCases.CrossBrowserTesting@506ae4d4]" started-at="2023-03-10T11:16:50Z" name="urlLaunch" finished-at="2023-03-10T11:17:08Z" duration-ms="17839" status="PASS">
          <params>
            <param index="0">
              <value>
                <![CDATA[chrome]]>
              </value>
            </param>
          </params>
          <reporter-output>
          </reporter-output>
        </test-method> <!-- urlLaunch -->
        <test-method signature="createUsersValidation()[pri:1, instance:com.testCases.CrossBrowserTesting@506ae4d4]" started-at="2023-03-10T11:17:08Z" name="createUsersValidation" finished-at="2023-03-10T11:20:36Z" duration-ms="208696" status="PASS">
          <reporter-output>
          </reporter-output>
        </test-method> <!-- createUsersValidation -->
        <test-method signature="UnitAndRoleAllocation(java.lang.String)[pri:2, instance:com.testCases.CrossBrowserTesting@506ae4d4]" started-at="2023-03-10T11:20:36Z" name="UnitAndRoleAllocation" finished-at="2023-03-10T11:20:41Z" duration-ms="4571" status="FAIL">
          <params>
            <param index="0">
              <value>
                <![CDATA[chrome]]>
              </value>
            </param>
          </params>
          <exception class="org.openqa.selenium.NoSuchElementException">
            <message>
              <![CDATA[no such element: Unable to locate element: {"method":"xpath","selector":"//img[contains(@src,'portal.svg')]"}
  (Session info: chrome=110.0.5481.178)
For documentation on this error, please visit: https://www.seleniumhq.org/exceptions/no_such_element.html
Build info: version: '3.141.59', revision: 'e82be7d358', time: '2018-11-14T08:17:03'
System info: host: 'MAC-AZR-228', ip: '10.212.134.206', os.name: 'Windows 10', os.arch: 'amd64', os.version: '10.0', java.version: '17.0.5'
Driver info: org.openqa.selenium.chrome.ChromeDriver
Capabilities {acceptInsecureCerts: false, browserName: chrome, browserVersion: 110.0.5481.178, chrome: {chromedriverVersion: 110.0.5481.77 (65ed616c6e8e..., userDataDir: C:\Users\SHEHAN~1\AppData\L...}, goog:chromeOptions: {debuggerAddress: localhost:65143}, javascriptEnabled: true, networkConnectionEnabled: false, pageLoadStrategy: normal, platform: WINDOWS, platformName: WINDOWS, proxy: Proxy(), setWindowRect: true, strictFileInteractability: false, timeouts: {implicit: 0, pageLoad: 300000, script: 30000}, unhandledPromptBehavior: dismiss and notify, webauthn:extension:credBlob: true, webauthn:extension:largeBlob: true, webauthn:virtualAuthenticators: true}
Session ID: 6680afc4c1a636fb7afa7d8459e1db6d
*** Element info: {Using=xpath, value=//img[contains(@src,'portal.svg')]}]]>
            </message>
            <full-stacktrace>
              <![CDATA[org.openqa.selenium.NoSuchElementException: no such element: Unable to locate element: {"method":"xpath","selector":"//img[contains(@src,'portal.svg')]"}
  (Session info: chrome=110.0.5481.178)
For documentation on this error, please visit: https://www.seleniumhq.org/exceptions/no_such_element.html
Build info: version: '3.141.59', revision: 'e82be7d358', time: '2018-11-14T08:17:03'
System info: host: 'MAC-AZR-228', ip: '10.212.134.206', os.name: 'Windows 10', os.arch: 'amd64', os.version: '10.0', java.version: '17.0.5'
Driver info: org.openqa.selenium.chrome.ChromeDriver
Capabilities {acceptInsecureCerts: false, browserName: chrome, browserVersion: 110.0.5481.178, chrome: {chromedriverVersion: 110.0.5481.77 (65ed616c6e8e..., userDataDir: C:\Users\SHEHAN~1\AppData\L...}, goog:chromeOptions: {debuggerAddress: localhost:65143}, javascriptEnabled: true, networkConnectionEnabled: false, pageLoadStrategy: normal, platform: WINDOWS, platformName: WINDOWS, proxy: Proxy(), setWindowRect: true, strictFileInteractability: false, timeouts: {implicit: 0, pageLoad: 300000, script: 30000}, unhandledPromptBehavior: dismiss and notify, webauthn:extension:credBlob: true, webauthn:extension:largeBlob: true, webauthn:virtualAuthenticators: true}
Session ID: 6680afc4c1a636fb7afa7d8459e1db6d
*** Element info: {Using=xpath, value=//img[contains(@src,'portal.svg')]}
at java.base/jdk.internal.reflect.NativeConstructorAccessorImpl.newInstance0(Native Method)
at java.base/jdk.internal.reflect.NativeConstructorAccessorImpl.newInstance(NativeConstructorAccessorImpl.java:77)
at java.base/jdk.internal.reflect.DelegatingConstructorAccessorImpl.newInstance(DelegatingConstructorAccessorImpl.java:45)
at java.base/java.lang.reflect.Constructor.newInstanceWithCaller(Constructor.java:499)
at java.base/java.lang.reflect.Constructor.newInstance(Constructor.java:480)
at org.openqa.selenium.remote.http.W3CHttpResponseCodec.createException(W3CHttpResponseCodec.java:187)
at org.openqa.selenium.remote.http.W3CHttpResponseCodec.decode(W3CHttpResponseCodec.java:122)
at org.openqa.selenium.remote.http.W3CHttpResponseCodec.decode(W3CHttpResponseCodec.java:49)
at org.openqa.selenium.remote.HttpCommandExecutor.execute(HttpCommandExecutor.java:158)
at org.openqa.selenium.remote.service.DriverCommandExecutor.execute(DriverCommandExecutor.java:83)
at org.openqa.selenium.remote.RemoteWebDriver.execute(RemoteWebDriver.java:552)
at org.openqa.selenium.remote.RemoteWebDriver.findElement(RemoteWebDriver.java:323)
at org.openqa.selenium.remote.RemoteWebDriver.findElementByXPath(RemoteWebDriver.java:428)
at org.openqa.selenium.By$ByXPath.findElement(By.java:353)
at org.openqa.selenium.remote.RemoteWebDriver.findElement(RemoteWebDriver.java:315)
at com.baseClass.BaseClass_Logibec.clickingMainMenu(BaseClass_Logibec.java:365)
at com.baseClass.BaseClass_Logibec.navigateToManagementMenu(BaseClass_Logibec.java:765)
at com.testCases.CrossBrowserTesting.navigateToUsers(CrossBrowserTesting.java:392)
at com.testCases.CrossBrowserTesting.UnitAndRoleAllocation(CrossBrowserTesting.java:665)
at java.base/jdk.internal.reflect.NativeMethodAccessorImpl.invoke0(Native Method)
at java.base/jdk.internal.reflect.NativeMethodAccessorImpl.invoke(NativeMethodAccessorImpl.java:77)
at java.base/jdk.internal.reflect.DelegatingMethodAccessorImpl.invoke(DelegatingMethodAccessorImpl.java:43)
at java.base/java.lang.reflect.Method.invoke(Method.java:568)
at org.testng.internal.MethodInvocationHelper.invokeMethod(MethodInvocationHelper.java:124)
at org.testng.internal.Invoker.invokeMethod(Invoker.java:583)
at org.testng.internal.Invoker.invokeTestMethod(Invoker.java:719)
at org.testng.internal.Invoker.invokeTestMethods(Invoker.java:989)
at org.testng.internal.TestMethodWorker.invokeTestMethods(TestMethodWorker.java:125)
at org.testng.internal.TestMethodWorker.run(TestMethodWorker.java:109)
at org.testng.TestRunner.privateRun(TestRunner.java:648)
at org.testng.TestRunner.run(TestRunner.java:505)
at org.testng.SuiteRunner.runTest(SuiteRunner.java:455)
at org.testng.SuiteRunner.runSequentially(SuiteRunner.java:450)
at org.testng.SuiteRunner.privateRun(SuiteRunner.java:415)
at org.testng.SuiteRunner.run(SuiteRunner.java:364)
at org.testng.SuiteRunnerWorker.runSuite(SuiteRunnerWorker.java:52)
at org.testng.SuiteRunnerWorker.run(SuiteRunnerWorker.java:84)
at org.testng.TestNG.runSuitesSequentially(TestNG.java:1208)
at org.testng.TestNG.runSuitesLocally(TestNG.java:1137)
at org.testng.TestNG.runSuites(TestNG.java:1049)
at org.testng.TestNG.run(TestNG.java:1017)
at org.testng.remote.AbstractRemoteTestNG.run(AbstractRemoteTestNG.java:115)
at org.testng.remote.RemoteTestNG.initAndRun(RemoteTestNG.java:251)
at org.testng.remote.RemoteTestNG.main(RemoteTestNG.java:77)
]]>
            </full-stacktrace>
          </exception> <!-- org.openqa.selenium.NoSuchElementException -->
          <reporter-output>
          </reporter-output>
        </test-method> <!-- UnitAndRoleAllocation -->
        <test-method is-config="true" signature="afterClass()[pri:0, instance:com.testCases.CrossBrowserTesting@506ae4d4]" started-at="2023-03-10T11:20:53Z" name="afterClass" finished-at="2023-03-10T11:20:53Z" duration-ms="393" status="PASS">
          <reporter-output>
          </reporter-output>
        </test-method> <!-- afterClass -->
      </class> <!-- com.testCases.CrossBrowserTesting -->
    </test> <!-- ChromeTest -->
  </suite> <!-- Suite -->
</testng-results>
